2011-10-31T12:14:54+00:00 ERR (3): Warning: getimagesize(http://local.pruebas.com/skin/adminhtml/base/default/images/media/best_selling_img02.jpg) [<a href='function.getimagesize'>function.getimagesize</a>]: failed to open stream: HTTP request failed! HTTP/1.1 404 Not Found
  in C:\Program Files\Zend\Apache2\htdocs\local.pruebas.com\lib\Varien\Image\Adapter\Abstract.php on line 87
2011-10-31T12:14:54+00:00 ERR (3): Warning: getimagesize(http://local.pruebas.com/skin/adminhtml/base/default/images/ph_callout_left_top.gif) [<a href='function.getimagesize'>function.getimagesize</a>]: failed to open stream: HTTP request failed! HTTP/1.1 404 Not Found
  in C:\Program Files\Zend\Apache2\htdocs\local.pruebas.com\lib\Varien\Image\Adapter\Abstract.php on line 87
2011-10-31T12:14:55+00:00 ERR (3): Warning: getimagesize(http://local.pruebas.com/skin/adminhtml/base/default/images/media/best_selling_img01.jpg) [<a href='function.getimagesize'>function.getimagesize</a>]: failed to open stream: HTTP request failed! HTTP/1.1 404 Not Found
  in C:\Program Files\Zend\Apache2\htdocs\local.pruebas.com\lib\Varien\Image\Adapter\Abstract.php on line 87
2011-10-31T12:14:55+00:00 ERR (3): Warning: getimagesize(http://local.pruebas.com/skin/adminhtml/base/default/images/home_main_callout.jpg) [<a href='function.getimagesize'>function.getimagesize</a>]: failed to open stream: HTTP request failed! HTTP/1.1 404 Not Found
  in C:\Program Files\Zend\Apache2\htdocs\local.pruebas.com\lib\Varien\Image\Adapter\Abstract.php on line 87
2011-10-31T12:14:56+00:00 ERR (3): Warning: getimagesize(http://local.pruebas.com/skin/adminhtml/base/default/images/media/best_selling_img03.jpg) [<a href='function.getimagesize'>function.getimagesize</a>]: failed to open stream: HTTP request failed! HTTP/1.1 404 Not Found
  in C:\Program Files\Zend\Apache2\htdocs\local.pruebas.com\lib\Varien\Image\Adapter\Abstract.php on line 87
2011-10-31T12:14:56+00:00 ERR (3): Warning: getimagesize(http://local.pruebas.com/skin/adminhtml/base/default/images/media/best_selling_img05.jpg) [<a href='function.getimagesize'>function.getimagesize</a>]: failed to open stream: HTTP request failed! HTTP/1.1 404 Not Found
  in C:\Program Files\Zend\Apache2\htdocs\local.pruebas.com\lib\Varien\Image\Adapter\Abstract.php on line 87
2011-10-31T12:14:56+00:00 ERR (3): Warning: getimagesize(http://local.pruebas.com/skin/adminhtml/base/default/images/media/best_selling_img06.jpg) [<a href='function.getimagesize'>function.getimagesize</a>]: failed to open stream: HTTP request failed! HTTP/1.1 404 Not Found
  in C:\Program Files\Zend\Apache2\htdocs\local.pruebas.com\lib\Varien\Image\Adapter\Abstract.php on line 87
2011-10-31T12:14:56+00:00 ERR (3): Warning: getimagesize(http://local.pruebas.com/skin/adminhtml/base/default/images/media/best_selling_img04.jpg) [<a href='function.getimagesize'>function.getimagesize</a>]: failed to open stream: HTTP request failed! HTTP/1.1 404 Not Found
  in C:\Program Files\Zend\Apache2\htdocs\local.pruebas.com\lib\Varien\Image\Adapter\Abstract.php on line 87
2011-10-31T12:14:57+00:00 ERR (3): Warning: getimagesize(http://local.pruebas.com/skin/adminhtml/base/default/images/ph_callout_left_rebel.jpg) [<a href='function.getimagesize'>function.getimagesize</a>]: failed to open stream: HTTP request failed! HTTP/1.1 404 Not Found
  in C:\Program Files\Zend\Apache2\htdocs\local.pruebas.com\lib\Varien\Image\Adapter\Abstract.php on line 87
2011-10-31T12:14:57+00:00 ERR (3): Warning: getimagesize(http://local.pruebas.com/skin/adminhtml/base/default/images/free_shipping_callout.jpg) [<a href='function.getimagesize'>function.getimagesize</a>]: failed to open stream: HTTP request failed! HTTP/1.1 404 Not Found
  in C:\Program Files\Zend\Apache2\htdocs\local.pruebas.com\lib\Varien\Image\Adapter\Abstract.php on line 87
2011-11-01T19:21:04+00:00 ERR (3): Warning: getimagesize(http://local.pruebas.com/skin/adminhtml/base/default/images/ph_callout_left_rebel.jpg) [<a href='function.getimagesize'>function.getimagesize</a>]: failed to open stream: HTTP request failed! HTTP/1.1 404 Not Found
  in C:\Program Files\Zend\Apache2\htdocs\local.pruebas.com\lib\Varien\Image\Adapter\Abstract.php on line 87
2011-11-01T19:21:05+00:00 ERR (3): Warning: getimagesize(http://local.pruebas.com/skin/adminhtml/base/default/images/media/best_selling_img02.jpg) [<a href='function.getimagesize'>function.getimagesize</a>]: failed to open stream: HTTP request failed! HTTP/1.1 404 Not Found
  in C:\Program Files\Zend\Apache2\htdocs\local.pruebas.com\lib\Varien\Image\Adapter\Abstract.php on line 87
2011-11-01T19:21:07+00:00 ERR (3): Warning: getimagesize(http://local.pruebas.com/skin/adminhtml/base/default/images/home_main_callout.jpg) [<a href='function.getimagesize'>function.getimagesize</a>]: failed to open stream: HTTP request failed! HTTP/1.1 404 Not Found
  in C:\Program Files\Zend\Apache2\htdocs\local.pruebas.com\lib\Varien\Image\Adapter\Abstract.php on line 87
2011-11-01T19:21:08+00:00 ERR (3): Warning: getimagesize(http://local.pruebas.com/skin/adminhtml/base/default/images/ph_callout_left_top.gif) [<a href='function.getimagesize'>function.getimagesize</a>]: failed to open stream: HTTP request failed! HTTP/1.1 404 Not Found
  in C:\Program Files\Zend\Apache2\htdocs\local.pruebas.com\lib\Varien\Image\Adapter\Abstract.php on line 87
2011-11-01T19:21:08+00:00 ERR (3): Warning: getimagesize(http://local.pruebas.com/skin/adminhtml/base/default/images/media/best_selling_img04.jpg) [<a href='function.getimagesize'>function.getimagesize</a>]: failed to open stream: HTTP request failed! HTTP/1.1 404 Not Found
  in C:\Program Files\Zend\Apache2\htdocs\local.pruebas.com\lib\Varien\Image\Adapter\Abstract.php on line 87
2011-11-01T19:21:09+00:00 ERR (3): Warning: getimagesize(http://local.pruebas.com/skin/adminhtml/base/default/images/free_shipping_callout.jpg) [<a href='function.getimagesize'>function.getimagesize</a>]: failed to open stream: HTTP request failed! HTTP/1.1 404 Not Found
  in C:\Program Files\Zend\Apache2\htdocs\local.pruebas.com\lib\Varien\Image\Adapter\Abstract.php on line 87
2011-11-01T19:21:11+00:00 ERR (3): Warning: getimagesize(http://local.pruebas.com/skin/adminhtml/base/default/images/media/best_selling_img05.jpg) [<a href='function.getimagesize'>function.getimagesize</a>]: failed to open stream: HTTP request failed! HTTP/1.1 404 Not Found
  in C:\Program Files\Zend\Apache2\htdocs\local.pruebas.com\lib\Varien\Image\Adapter\Abstract.php on line 87
2011-11-01T19:21:12+00:00 ERR (3): Warning: getimagesize(http://local.pruebas.com/skin/adminhtml/base/default/images/media/best_selling_img01.jpg) [<a href='function.getimagesize'>function.getimagesize</a>]: failed to open stream: HTTP request failed! HTTP/1.1 404 Not Found
  in C:\Program Files\Zend\Apache2\htdocs\local.pruebas.com\lib\Varien\Image\Adapter\Abstract.php on line 87
2011-11-01T19:21:12+00:00 ERR (3): Warning: getimagesize(http://local.pruebas.com/skin/adminhtml/base/default/images/media/best_selling_img03.jpg) [<a href='function.getimagesize'>function.getimagesize</a>]: failed to open stream: HTTP request failed! HTTP/1.1 404 Not Found
  in C:\Program Files\Zend\Apache2\htdocs\local.pruebas.com\lib\Varien\Image\Adapter\Abstract.php on line 87
2011-11-01T19:21:13+00:00 ERR (3): Warning: getimagesize(http://local.pruebas.com/skin/adminhtml/base/default/images/media/best_selling_img06.jpg) [<a href='function.getimagesize'>function.getimagesize</a>]: failed to open stream: HTTP request failed! HTTP/1.1 404 Not Found
  in C:\Program Files\Zend\Apache2\htdocs\local.pruebas.com\lib\Varien\Image\Adapter\Abstract.php on line 87
2011-11-01T19:22:10+00:00 ERR (3): Warning: getimagesize(http://local.pruebas.com/skin/adminhtml/base/default/images/ph_callout_left_rebel.jpg) [<a href='function.getimagesize'>function.getimagesize</a>]: failed to open stream: HTTP request failed! HTTP/1.1 404 Not Found
  in C:\Program Files\Zend\Apache2\htdocs\local.pruebas.com\lib\Varien\Image\Adapter\Abstract.php on line 87
2011-11-01T19:22:11+00:00 ERR (3): Warning: getimagesize(http://local.pruebas.com/skin/adminhtml/base/default/images/free_shipping_callout.jpg) [<a href='function.getimagesize'>function.getimagesize</a>]: failed to open stream: HTTP request failed! HTTP/1.1 404 Not Found
  in C:\Program Files\Zend\Apache2\htdocs\local.pruebas.com\lib\Varien\Image\Adapter\Abstract.php on line 87
2011-11-01T19:22:11+00:00 ERR (3): Warning: getimagesize(http://local.pruebas.com/skin/adminhtml/base/default/images/home_main_callout.jpg) [<a href='function.getimagesize'>function.getimagesize</a>]: failed to open stream: HTTP request failed! HTTP/1.1 404 Not Found
  in C:\Program Files\Zend\Apache2\htdocs\local.pruebas.com\lib\Varien\Image\Adapter\Abstract.php on line 87
2011-11-01T19:22:12+00:00 ERR (3): Warning: getimagesize(http://local.pruebas.com/skin/adminhtml/base/default/images/media/best_selling_img02.jpg) [<a href='function.getimagesize'>function.getimagesize</a>]: failed to open stream: HTTP request failed! HTTP/1.1 404 Not Found
  in C:\Program Files\Zend\Apache2\htdocs\local.pruebas.com\lib\Varien\Image\Adapter\Abstract.php on line 87
2011-11-01T19:22:12+00:00 ERR (3): Warning: getimagesize(http://local.pruebas.com/skin/adminhtml/base/default/images/ph_callout_left_top.gif) [<a href='function.getimagesize'>function.getimagesize</a>]: failed to open stream: HTTP request failed! HTTP/1.1 404 Not Found
  in C:\Program Files\Zend\Apache2\htdocs\local.pruebas.com\lib\Varien\Image\Adapter\Abstract.php on line 87
2011-11-01T19:22:13+00:00 ERR (3): Warning: getimagesize(http://local.pruebas.com/skin/adminhtml/base/default/images/media/best_selling_img01.jpg) [<a href='function.getimagesize'>function.getimagesize</a>]: failed to open stream: HTTP request failed! HTTP/1.1 404 Not Found
  in C:\Program Files\Zend\Apache2\htdocs\local.pruebas.com\lib\Varien\Image\Adapter\Abstract.php on line 87
2011-11-01T19:22:13+00:00 ERR (3): Warning: getimagesize(http://local.pruebas.com/skin/adminhtml/base/default/images/media/best_selling_img03.jpg) [<a href='function.getimagesize'>function.getimagesize</a>]: failed to open stream: HTTP request failed! HTTP/1.1 404 Not Found
  in C:\Program Files\Zend\Apache2\htdocs\local.pruebas.com\lib\Varien\Image\Adapter\Abstract.php on line 87
2011-11-01T19:22:13+00:00 ERR (3): Warning: getimagesize(http://local.pruebas.com/skin/adminhtml/base/default/images/media/best_selling_img04.jpg) [<a href='function.getimagesize'>function.getimagesize</a>]: failed to open stream: HTTP request failed! HTTP/1.1 404 Not Found
  in C:\Program Files\Zend\Apache2\htdocs\local.pruebas.com\lib\Varien\Image\Adapter\Abstract.php on line 87
2011-11-01T19:22:14+00:00 ERR (3): Warning: getimagesize(http://local.pruebas.com/skin/adminhtml/base/default/images/media/best_selling_img05.jpg) [<a href='function.getimagesize'>function.getimagesize</a>]: failed to open stream: HTTP request failed! HTTP/1.1 404 Not Found
  in C:\Program Files\Zend\Apache2\htdocs\local.pruebas.com\lib\Varien\Image\Adapter\Abstract.php on line 87
2011-11-01T19:22:14+00:00 ERR (3): Warning: getimagesize(http://local.pruebas.com/skin/adminhtml/base/default/images/media/best_selling_img06.jpg) [<a href='function.getimagesize'>function.getimagesize</a>]: failed to open stream: HTTP request failed! HTTP/1.1 404 Not Found
  in C:\Program Files\Zend\Apache2\htdocs\local.pruebas.com\lib\Varien\Image\Adapter\Abstract.php on line 87
2011-11-01T19:23:15+00:00 ERR (3): Warning: getimagesize(http://local.pruebas.com/skin/adminhtml/base/default/images/ph_callout_left_rebel.jpg) [<a href='function.getimagesize'>function.getimagesize</a>]: failed to open stream: HTTP request failed! HTTP/1.1 404 Not Found
  in C:\Program Files\Zend\Apache2\htdocs\local.pruebas.com\lib\Varien\Image\Adapter\Abstract.php on line 87
2011-11-01T19:23:15+00:00 ERR (3): Warning: getimagesize(http://local.pruebas.com/skin/adminhtml/base/default/images/media/best_selling_img02.jpg) [<a href='function.getimagesize'>function.getimagesize</a>]: failed to open stream: HTTP request failed! HTTP/1.1 404 Not Found
  in C:\Program Files\Zend\Apache2\htdocs\local.pruebas.com\lib\Varien\Image\Adapter\Abstract.php on line 87
2011-11-01T19:23:15+00:00 ERR (3): Warning: getimagesize(http://local.pruebas.com/skin/adminhtml/base/default/images/home_main_callout.jpg) [<a href='function.getimagesize'>function.getimagesize</a>]: failed to open stream: HTTP request failed! HTTP/1.1 404 Not Found
  in C:\Program Files\Zend\Apache2\htdocs\local.pruebas.com\lib\Varien\Image\Adapter\Abstract.php on line 87
2011-11-01T19:23:16+00:00 ERR (3): Warning: getimagesize(http://local.pruebas.com/skin/adminhtml/base/default/images/ph_callout_left_top.gif) [<a href='function.getimagesize'>function.getimagesize</a>]: failed to open stream: HTTP request failed! HTTP/1.1 404 Not Found
  in C:\Program Files\Zend\Apache2\htdocs\local.pruebas.com\lib\Varien\Image\Adapter\Abstract.php on line 87
2011-11-01T19:23:17+00:00 ERR (3): Warning: getimagesize(http://local.pruebas.com/skin/adminhtml/base/default/images/media/best_selling_img01.jpg) [<a href='function.getimagesize'>function.getimagesize</a>]: failed to open stream: HTTP request failed! HTTP/1.1 404 Not Found
  in C:\Program Files\Zend\Apache2\htdocs\local.pruebas.com\lib\Varien\Image\Adapter\Abstract.php on line 87
2011-11-01T19:23:17+00:00 ERR (3): Warning: getimagesize(http://local.pruebas.com/skin/adminhtml/base/default/images/free_shipping_callout.jpg) [<a href='function.getimagesize'>function.getimagesize</a>]: failed to open stream: HTTP request failed! HTTP/1.1 404 Not Found
  in C:\Program Files\Zend\Apache2\htdocs\local.pruebas.com\lib\Varien\Image\Adapter\Abstract.php on line 87
2011-11-01T19:23:17+00:00 ERR (3): Warning: getimagesize(http://local.pruebas.com/skin/adminhtml/base/default/images/media/best_selling_img04.jpg) [<a href='function.getimagesize'>function.getimagesize</a>]: failed to open stream: HTTP request failed! HTTP/1.1 404 Not Found
  in C:\Program Files\Zend\Apache2\htdocs\local.pruebas.com\lib\Varien\Image\Adapter\Abstract.php on line 87
2011-11-01T19:23:17+00:00 ERR (3): Warning: getimagesize(http://local.pruebas.com/skin/adminhtml/base/default/images/media/best_selling_img03.jpg) [<a href='function.getimagesize'>function.getimagesize</a>]: failed to open stream: HTTP request failed! HTTP/1.1 404 Not Found
  in C:\Program Files\Zend\Apache2\htdocs\local.pruebas.com\lib\Varien\Image\Adapter\Abstract.php on line 87
2011-11-01T19:23:18+00:00 ERR (3): Warning: getimagesize(http://local.pruebas.com/skin/adminhtml/base/default/images/media/best_selling_img05.jpg) [<a href='function.getimagesize'>function.getimagesize</a>]: failed to open stream: HTTP request failed! HTTP/1.1 404 Not Found
  in C:\Program Files\Zend\Apache2\htdocs\local.pruebas.com\lib\Varien\Image\Adapter\Abstract.php on line 87
2011-11-01T19:23:18+00:00 ERR (3): Warning: getimagesize(http://local.pruebas.com/skin/adminhtml/base/default/images/media/best_selling_img06.jpg) [<a href='function.getimagesize'>function.getimagesize</a>]: failed to open stream: HTTP request failed! HTTP/1.1 404 Not Found
  in C:\Program Files\Zend\Apache2\htdocs\local.pruebas.com\lib\Varien\Image\Adapter\Abstract.php on line 87
2011-11-01T19:23:32+00:00 ERR (3): Warning: getimagesize(http://local.pruebas.com/skin/adminhtml/base/default/images/media/best_selling_img02.jpg) [<a href='function.getimagesize'>function.getimagesize</a>]: failed to open stream: HTTP request failed! HTTP/1.1 404 Not Found
  in C:\Program Files\Zend\Apache2\htdocs\local.pruebas.com\lib\Varien\Image\Adapter\Abstract.php on line 87
2011-11-01T19:23:32+00:00 ERR (3): Warning: getimagesize(http://local.pruebas.com/skin/adminhtml/base/default/images/home_main_callout.jpg) [<a href='function.getimagesize'>function.getimagesize</a>]: failed to open stream: HTTP request failed! HTTP/1.1 404 Not Found
  in C:\Program Files\Zend\Apache2\htdocs\local.pruebas.com\lib\Varien\Image\Adapter\Abstract.php on line 87
2011-11-01T19:23:33+00:00 ERR (3): Warning: getimagesize(http://local.pruebas.com/skin/adminhtml/base/default/images/ph_callout_left_rebel.jpg) [<a href='function.getimagesize'>function.getimagesize</a>]: failed to open stream: HTTP request failed! HTTP/1.1 404 Not Found
  in C:\Program Files\Zend\Apache2\htdocs\local.pruebas.com\lib\Varien\Image\Adapter\Abstract.php on line 87
2011-11-01T19:23:33+00:00 ERR (3): Warning: getimagesize(http://local.pruebas.com/skin/adminhtml/base/default/images/media/best_selling_img01.jpg) [<a href='function.getimagesize'>function.getimagesize</a>]: failed to open stream: HTTP request failed! HTTP/1.1 404 Not Found
  in C:\Program Files\Zend\Apache2\htdocs\local.pruebas.com\lib\Varien\Image\Adapter\Abstract.php on line 87
2011-11-01T19:23:34+00:00 ERR (3): Warning: getimagesize(http://local.pruebas.com/skin/adminhtml/base/default/images/free_shipping_callout.jpg) [<a href='function.getimagesize'>function.getimagesize</a>]: failed to open stream: HTTP request failed! HTTP/1.1 404 Not Found
  in C:\Program Files\Zend\Apache2\htdocs\local.pruebas.com\lib\Varien\Image\Adapter\Abstract.php on line 87
2011-11-01T19:23:34+00:00 ERR (3): Warning: getimagesize(http://local.pruebas.com/skin/adminhtml/base/default/images/ph_callout_left_top.gif) [<a href='function.getimagesize'>function.getimagesize</a>]: failed to open stream: HTTP request failed! HTTP/1.1 404 Not Found
  in C:\Program Files\Zend\Apache2\htdocs\local.pruebas.com\lib\Varien\Image\Adapter\Abstract.php on line 87
2011-11-01T19:23:35+00:00 ERR (3): Warning: getimagesize(http://local.pruebas.com/skin/adminhtml/base/default/images/media/best_selling_img05.jpg) [<a href='function.getimagesize'>function.getimagesize</a>]: failed to open stream: HTTP request failed! HTTP/1.1 404 Not Found
  in C:\Program Files\Zend\Apache2\htdocs\local.pruebas.com\lib\Varien\Image\Adapter\Abstract.php on line 87
2011-11-01T19:23:35+00:00 ERR (3): Warning: getimagesize(http://local.pruebas.com/skin/adminhtml/base/default/images/media/best_selling_img04.jpg) [<a href='function.getimagesize'>function.getimagesize</a>]: failed to open stream: HTTP request failed! HTTP/1.1 404 Not Found
  in C:\Program Files\Zend\Apache2\htdocs\local.pruebas.com\lib\Varien\Image\Adapter\Abstract.php on line 87
2011-11-01T19:23:35+00:00 ERR (3): Warning: getimagesize(http://local.pruebas.com/skin/adminhtml/base/default/images/media/best_selling_img03.jpg) [<a href='function.getimagesize'>function.getimagesize</a>]: failed to open stream: HTTP request failed! HTTP/1.1 404 Not Found
  in C:\Program Files\Zend\Apache2\htdocs\local.pruebas.com\lib\Varien\Image\Adapter\Abstract.php on line 87
2011-11-01T19:23:35+00:00 ERR (3): Warning: getimagesize(http://local.pruebas.com/skin/adminhtml/base/default/images/media/best_selling_img06.jpg) [<a href='function.getimagesize'>function.getimagesize</a>]: failed to open stream: HTTP request failed! HTTP/1.1 404 Not Found
  in C:\Program Files\Zend\Apache2\htdocs\local.pruebas.com\lib\Varien\Image\Adapter\Abstract.php on line 87
2011-11-01T19:33:05+00:00 ERR (3): Warning: getimagesize(http://local.pruebas.com/skin/adminhtml/base/default/images/media/best_selling_img01.jpg) [<a href='function.getimagesize'>function.getimagesize</a>]: failed to open stream: HTTP request failed! HTTP/1.1 404 Not Found
  in C:\Program Files\Zend\Apache2\htdocs\local.pruebas.com\lib\Varien\Image\Adapter\Abstract.php on line 87
2011-11-01T19:33:05+00:00 ERR (3): Warning: getimagesize(http://local.pruebas.com/skin/adminhtml/base/default/images/media/best_selling_img02.jpg) [<a href='function.getimagesize'>function.getimagesize</a>]: failed to open stream: HTTP request failed! HTTP/1.1 404 Not Found
  in C:\Program Files\Zend\Apache2\htdocs\local.pruebas.com\lib\Varien\Image\Adapter\Abstract.php on line 87
2011-11-01T19:33:06+00:00 ERR (3): Warning: getimagesize(http://local.pruebas.com/skin/adminhtml/base/default/images/ph_callout_left_rebel.jpg) [<a href='function.getimagesize'>function.getimagesize</a>]: failed to open stream: HTTP request failed! HTTP/1.1 404 Not Found
  in C:\Program Files\Zend\Apache2\htdocs\local.pruebas.com\lib\Varien\Image\Adapter\Abstract.php on line 87
2011-11-01T19:33:06+00:00 ERR (3): Warning: getimagesize(http://local.pruebas.com/skin/adminhtml/base/default/images/home_main_callout.jpg) [<a href='function.getimagesize'>function.getimagesize</a>]: failed to open stream: HTTP request failed! HTTP/1.1 404 Not Found
  in C:\Program Files\Zend\Apache2\htdocs\local.pruebas.com\lib\Varien\Image\Adapter\Abstract.php on line 87
2011-11-01T19:33:06+00:00 ERR (3): Warning: getimagesize(http://local.pruebas.com/skin/adminhtml/base/default/images/ph_callout_left_top.gif) [<a href='function.getimagesize'>function.getimagesize</a>]: failed to open stream: HTTP request failed! HTTP/1.1 404 Not Found
  in C:\Program Files\Zend\Apache2\htdocs\local.pruebas.com\lib\Varien\Image\Adapter\Abstract.php on line 87
2011-11-01T19:33:07+00:00 ERR (3): Warning: getimagesize(http://local.pruebas.com/skin/adminhtml/base/default/images/free_shipping_callout.jpg) [<a href='function.getimagesize'>function.getimagesize</a>]: failed to open stream: HTTP request failed! HTTP/1.1 404 Not Found
  in C:\Program Files\Zend\Apache2\htdocs\local.pruebas.com\lib\Varien\Image\Adapter\Abstract.php on line 87
2011-11-01T19:33:07+00:00 ERR (3): Warning: getimagesize(http://local.pruebas.com/skin/adminhtml/base/default/images/media/best_selling_img04.jpg) [<a href='function.getimagesize'>function.getimagesize</a>]: failed to open stream: HTTP request failed! HTTP/1.1 404 Not Found
  in C:\Program Files\Zend\Apache2\htdocs\local.pruebas.com\lib\Varien\Image\Adapter\Abstract.php on line 87
2011-11-01T19:33:08+00:00 ERR (3): Warning: getimagesize(http://local.pruebas.com/skin/adminhtml/base/default/images/media/best_selling_img03.jpg) [<a href='function.getimagesize'>function.getimagesize</a>]: failed to open stream: HTTP request failed! HTTP/1.1 404 Not Found
  in C:\Program Files\Zend\Apache2\htdocs\local.pruebas.com\lib\Varien\Image\Adapter\Abstract.php on line 87
2011-11-01T19:33:08+00:00 ERR (3): Warning: getimagesize(http://local.pruebas.com/skin/adminhtml/base/default/images/media/best_selling_img06.jpg) [<a href='function.getimagesize'>function.getimagesize</a>]: failed to open stream: HTTP request failed! HTTP/1.1 404 Not Found
  in C:\Program Files\Zend\Apache2\htdocs\local.pruebas.com\lib\Varien\Image\Adapter\Abstract.php on line 87
2011-11-01T19:33:08+00:00 ERR (3): Warning: getimagesize(http://local.pruebas.com/skin/adminhtml/base/default/images/media/best_selling_img05.jpg) [<a href='function.getimagesize'>function.getimagesize</a>]: failed to open stream: HTTP request failed! HTTP/1.1 404 Not Found
  in C:\Program Files\Zend\Apache2\htdocs\local.pruebas.com\lib\Varien\Image\Adapter\Abstract.php on line 87
2011-11-01T19:33:26+00:00 ERR (3): Warning: getimagesize(http://local.pruebas.com/skin/adminhtml/base/default/images/home_main_callout.jpg) [<a href='function.getimagesize'>function.getimagesize</a>]: failed to open stream: HTTP request failed! HTTP/1.1 404 Not Found
  in C:\Program Files\Zend\Apache2\htdocs\local.pruebas.com\lib\Varien\Image\Adapter\Abstract.php on line 87
2011-11-01T19:33:27+00:00 ERR (3): Warning: getimagesize(http://local.pruebas.com/skin/adminhtml/base/default/images/media/best_selling_img02.jpg) [<a href='function.getimagesize'>function.getimagesize</a>]: failed to open stream: HTTP request failed! HTTP/1.1 404 Not Found
  in C:\Program Files\Zend\Apache2\htdocs\local.pruebas.com\lib\Varien\Image\Adapter\Abstract.php on line 87
2011-11-01T19:33:27+00:00 ERR (3): Warning: getimagesize(http://local.pruebas.com/skin/adminhtml/base/default/images/free_shipping_callout.jpg) [<a href='function.getimagesize'>function.getimagesize</a>]: failed to open stream: HTTP request failed! HTTP/1.1 404 Not Found
  in C:\Program Files\Zend\Apache2\htdocs\local.pruebas.com\lib\Varien\Image\Adapter\Abstract.php on line 87
2011-11-01T19:33:28+00:00 ERR (3): Warning: getimagesize(http://local.pruebas.com/skin/adminhtml/base/default/images/media/best_selling_img01.jpg) [<a href='function.getimagesize'>function.getimagesize</a>]: failed to open stream: HTTP request failed! HTTP/1.1 404 Not Found
  in C:\Program Files\Zend\Apache2\htdocs\local.pruebas.com\lib\Varien\Image\Adapter\Abstract.php on line 87
2011-11-01T19:33:28+00:00 ERR (3): Warning: getimagesize(http://local.pruebas.com/skin/adminhtml/base/default/images/ph_callout_left_rebel.jpg) [<a href='function.getimagesize'>function.getimagesize</a>]: failed to open stream: HTTP request failed! HTTP/1.1 404 Not Found
  in C:\Program Files\Zend\Apache2\htdocs\local.pruebas.com\lib\Varien\Image\Adapter\Abstract.php on line 87
2011-11-01T19:33:28+00:00 ERR (3): Warning: getimagesize(http://local.pruebas.com/skin/adminhtml/base/default/images/ph_callout_left_top.gif) [<a href='function.getimagesize'>function.getimagesize</a>]: failed to open stream: HTTP request failed! HTTP/1.1 404 Not Found
  in C:\Program Files\Zend\Apache2\htdocs\local.pruebas.com\lib\Varien\Image\Adapter\Abstract.php on line 87
2011-11-01T19:33:29+00:00 ERR (3): Warning: getimagesize(http://local.pruebas.com/skin/adminhtml/base/default/images/media/best_selling_img03.jpg) [<a href='function.getimagesize'>function.getimagesize</a>]: failed to open stream: HTTP request failed! HTTP/1.1 404 Not Found
  in C:\Program Files\Zend\Apache2\htdocs\local.pruebas.com\lib\Varien\Image\Adapter\Abstract.php on line 87
2011-11-01T19:33:29+00:00 ERR (3): Warning: getimagesize(http://local.pruebas.com/skin/adminhtml/base/default/images/media/best_selling_img04.jpg) [<a href='function.getimagesize'>function.getimagesize</a>]: failed to open stream: HTTP request failed! HTTP/1.1 404 Not Found
  in C:\Program Files\Zend\Apache2\htdocs\local.pruebas.com\lib\Varien\Image\Adapter\Abstract.php on line 87
2011-11-01T19:33:30+00:00 ERR (3): Warning: getimagesize(http://local.pruebas.com/skin/adminhtml/base/default/images/media/best_selling_img05.jpg) [<a href='function.getimagesize'>function.getimagesize</a>]: failed to open stream: HTTP request failed! HTTP/1.1 404 Not Found
  in C:\Program Files\Zend\Apache2\htdocs\local.pruebas.com\lib\Varien\Image\Adapter\Abstract.php on line 87
2011-11-01T19:33:30+00:00 ERR (3): Warning: getimagesize(http://local.pruebas.com/skin/adminhtml/base/default/images/media/best_selling_img06.jpg) [<a href='function.getimagesize'>function.getimagesize</a>]: failed to open stream: HTTP request failed! HTTP/1.1 404 Not Found
  in C:\Program Files\Zend\Apache2\htdocs\local.pruebas.com\lib\Varien\Image\Adapter\Abstract.php on line 87
2011-11-01T19:33:59+00:00 ERR (3): Warning: getimagesize(http://local.pruebas.com/skin/adminhtml/base/default/images/media/best_selling_img01.jpg) [<a href='function.getimagesize'>function.getimagesize</a>]: failed to open stream: HTTP request failed! HTTP/1.1 404 Not Found
  in C:\Program Files\Zend\Apache2\htdocs\local.pruebas.com\lib\Varien\Image\Adapter\Abstract.php on line 87
2011-11-01T19:33:59+00:00 ERR (3): Warning: getimagesize(http://local.pruebas.com/skin/adminhtml/base/default/images/free_shipping_callout.jpg) [<a href='function.getimagesize'>function.getimagesize</a>]: failed to open stream: HTTP request failed! HTTP/1.1 404 Not Found
  in C:\Program Files\Zend\Apache2\htdocs\local.pruebas.com\lib\Varien\Image\Adapter\Abstract.php on line 87
2011-11-01T19:33:59+00:00 ERR (3): Warning: getimagesize(http://local.pruebas.com/skin/adminhtml/base/default/images/ph_callout_left_top.gif) [<a href='function.getimagesize'>function.getimagesize</a>]: failed to open stream: HTTP request failed! HTTP/1.1 404 Not Found
  in C:\Program Files\Zend\Apache2\htdocs\local.pruebas.com\lib\Varien\Image\Adapter\Abstract.php on line 87
2011-11-01T19:34:00+00:00 ERR (3): Warning: getimagesize(http://local.pruebas.com/skin/adminhtml/base/default/images/ph_callout_left_rebel.jpg) [<a href='function.getimagesize'>function.getimagesize</a>]: failed to open stream: HTTP request failed! HTTP/1.1 404 Not Found
  in C:\Program Files\Zend\Apache2\htdocs\local.pruebas.com\lib\Varien\Image\Adapter\Abstract.php on line 87
2011-11-01T19:34:00+00:00 ERR (3): Warning: getimagesize(http://local.pruebas.com/skin/adminhtml/base/default/images/home_main_callout.jpg) [<a href='function.getimagesize'>function.getimagesize</a>]: failed to open stream: HTTP request failed! HTTP/1.1 404 Not Found
  in C:\Program Files\Zend\Apache2\htdocs\local.pruebas.com\lib\Varien\Image\Adapter\Abstract.php on line 87
2011-11-01T19:34:01+00:00 ERR (3): Warning: getimagesize(http://local.pruebas.com/skin/adminhtml/base/default/images/media/best_selling_img02.jpg) [<a href='function.getimagesize'>function.getimagesize</a>]: failed to open stream: HTTP request failed! HTTP/1.1 404 Not Found
  in C:\Program Files\Zend\Apache2\htdocs\local.pruebas.com\lib\Varien\Image\Adapter\Abstract.php on line 87
2011-11-01T19:34:01+00:00 ERR (3): Warning: getimagesize(http://local.pruebas.com/skin/adminhtml/base/default/images/media/best_selling_img03.jpg) [<a href='function.getimagesize'>function.getimagesize</a>]: failed to open stream: HTTP request failed! HTTP/1.1 404 Not Found
  in C:\Program Files\Zend\Apache2\htdocs\local.pruebas.com\lib\Varien\Image\Adapter\Abstract.php on line 87
2011-11-01T19:34:02+00:00 ERR (3): Warning: getimagesize(http://local.pruebas.com/skin/adminhtml/base/default/images/media/best_selling_img04.jpg) [<a href='function.getimagesize'>function.getimagesize</a>]: failed to open stream: HTTP request failed! HTTP/1.1 404 Not Found
  in C:\Program Files\Zend\Apache2\htdocs\local.pruebas.com\lib\Varien\Image\Adapter\Abstract.php on line 87
2011-11-01T19:34:02+00:00 ERR (3): Warning: getimagesize(http://local.pruebas.com/skin/adminhtml/base/default/images/media/best_selling_img05.jpg) [<a href='function.getimagesize'>function.getimagesize</a>]: failed to open stream: HTTP request failed! HTTP/1.1 404 Not Found
  in C:\Program Files\Zend\Apache2\htdocs\local.pruebas.com\lib\Varien\Image\Adapter\Abstract.php on line 87
2011-11-01T19:34:03+00:00 ERR (3): Warning: getimagesize(http://local.pruebas.com/skin/adminhtml/base/default/images/media/best_selling_img06.jpg) [<a href='function.getimagesize'>function.getimagesize</a>]: failed to open stream: HTTP request failed! HTTP/1.1 404 Not Found
  in C:\Program Files\Zend\Apache2\htdocs\local.pruebas.com\lib\Varien\Image\Adapter\Abstract.php on line 87
2011-11-01T19:35:46+00:00 ERR (3): Warning: getimagesize(http://local.pruebas.com/skin/adminhtml/base/default/images/media/best_selling_img01.jpg) [<a href='function.getimagesize'>function.getimagesize</a>]: failed to open stream: HTTP request failed! HTTP/1.1 404 Not Found
  in C:\Program Files\Zend\Apache2\htdocs\local.pruebas.com\lib\Varien\Image\Adapter\Abstract.php on line 87
2011-11-01T19:35:46+00:00 ERR (3): Warning: getimagesize(http://local.pruebas.com/skin/adminhtml/base/default/images/home_main_callout.jpg) [<a href='function.getimagesize'>function.getimagesize</a>]: failed to open stream: HTTP request failed! HTTP/1.1 404 Not Found
  in C:\Program Files\Zend\Apache2\htdocs\local.pruebas.com\lib\Varien\Image\Adapter\Abstract.php on line 87
2011-11-01T19:35:46+00:00 ERR (3): Warning: getimagesize(http://local.pruebas.com/skin/adminhtml/base/default/images/media/best_selling_img02.jpg) [<a href='function.getimagesize'>function.getimagesize</a>]: failed to open stream: HTTP request failed! HTTP/1.1 404 Not Found
  in C:\Program Files\Zend\Apache2\htdocs\local.pruebas.com\lib\Varien\Image\Adapter\Abstract.php on line 87
2011-11-01T19:35:46+00:00 ERR (3): Warning: getimagesize(http://local.pruebas.com/skin/adminhtml/base/default/images/ph_callout_left_top.gif) [<a href='function.getimagesize'>function.getimagesize</a>]: failed to open stream: HTTP request failed! HTTP/1.1 404 Not Found
  in C:\Program Files\Zend\Apache2\htdocs\local.pruebas.com\lib\Varien\Image\Adapter\Abstract.php on line 87
2011-11-01T19:35:47+00:00 ERR (3): Warning: getimagesize(http://local.pruebas.com/skin/adminhtml/base/default/images/ph_callout_left_rebel.jpg) [<a href='function.getimagesize'>function.getimagesize</a>]: failed to open stream: HTTP request failed! HTTP/1.1 404 Not Found
  in C:\Program Files\Zend\Apache2\htdocs\local.pruebas.com\lib\Varien\Image\Adapter\Abstract.php on line 87
2011-11-01T19:35:47+00:00 ERR (3): Warning: getimagesize(http://local.pruebas.com/skin/adminhtml/base/default/images/free_shipping_callout.jpg) [<a href='function.getimagesize'>function.getimagesize</a>]: failed to open stream: HTTP request failed! HTTP/1.1 404 Not Found
  in C:\Program Files\Zend\Apache2\htdocs\local.pruebas.com\lib\Varien\Image\Adapter\Abstract.php on line 87
2011-11-01T19:35:48+00:00 ERR (3): Warning: getimagesize(http://local.pruebas.com/skin/adminhtml/base/default/images/media/best_selling_img03.jpg) [<a href='function.getimagesize'>function.getimagesize</a>]: failed to open stream: HTTP request failed! HTTP/1.1 404 Not Found
  in C:\Program Files\Zend\Apache2\htdocs\local.pruebas.com\lib\Varien\Image\Adapter\Abstract.php on line 87
2011-11-01T19:35:48+00:00 ERR (3): Warning: getimagesize(http://local.pruebas.com/skin/adminhtml/base/default/images/media/best_selling_img04.jpg) [<a href='function.getimagesize'>function.getimagesize</a>]: failed to open stream: HTTP request failed! HTTP/1.1 404 Not Found
  in C:\Program Files\Zend\Apache2\htdocs\local.pruebas.com\lib\Varien\Image\Adapter\Abstract.php on line 87
2011-11-01T19:35:48+00:00 ERR (3): Warning: getimagesize(http://local.pruebas.com/skin/adminhtml/base/default/images/media/best_selling_img05.jpg) [<a href='function.getimagesize'>function.getimagesize</a>]: failed to open stream: HTTP request failed! HTTP/1.1 404 Not Found
  in C:\Program Files\Zend\Apache2\htdocs\local.pruebas.com\lib\Varien\Image\Adapter\Abstract.php on line 87
2011-11-01T19:35:48+00:00 ERR (3): Warning: getimagesize(http://local.pruebas.com/skin/adminhtml/base/default/images/media/best_selling_img06.jpg) [<a href='function.getimagesize'>function.getimagesize</a>]: failed to open stream: HTTP request failed! HTTP/1.1 404 Not Found
  in C:\Program Files\Zend\Apache2\htdocs\local.pruebas.com\lib\Varien\Image\Adapter\Abstract.php on line 87
2011-11-01T19:39:35+00:00 ERR (3): Warning: getimagesize(http://local.pruebas.com/skin/adminhtml/base/default/images/media/best_selling_img01.jpg) [<a href='function.getimagesize'>function.getimagesize</a>]: failed to open stream: HTTP request failed! HTTP/1.1 404 Not Found
  in C:\Program Files\Zend\Apache2\htdocs\local.pruebas.com\lib\Varien\Image\Adapter\Abstract.php on line 87
2011-11-01T19:39:36+00:00 ERR (3): Warning: getimagesize(http://local.pruebas.com/skin/adminhtml/base/default/images/ph_callout_left_top.gif) [<a href='function.getimagesize'>function.getimagesize</a>]: failed to open stream: HTTP request failed! HTTP/1.1 404 Not Found
  in C:\Program Files\Zend\Apache2\htdocs\local.pruebas.com\lib\Varien\Image\Adapter\Abstract.php on line 87
2011-11-01T19:39:36+00:00 ERR (3): Warning: getimagesize(http://local.pruebas.com/skin/adminhtml/base/default/images/home_main_callout.jpg) [<a href='function.getimagesize'>function.getimagesize</a>]: failed to open stream: HTTP request failed! HTTP/1.1 404 Not Found
  in C:\Program Files\Zend\Apache2\htdocs\local.pruebas.com\lib\Varien\Image\Adapter\Abstract.php on line 87
2011-11-01T19:39:37+00:00 ERR (3): Warning: getimagesize(http://local.pruebas.com/skin/adminhtml/base/default/images/media/best_selling_img02.jpg) [<a href='function.getimagesize'>function.getimagesize</a>]: failed to open stream: HTTP request failed! HTTP/1.1 404 Not Found
  in C:\Program Files\Zend\Apache2\htdocs\local.pruebas.com\lib\Varien\Image\Adapter\Abstract.php on line 87
2011-11-01T19:39:37+00:00 ERR (3): Warning: getimagesize(http://local.pruebas.com/skin/adminhtml/base/default/images/free_shipping_callout.jpg) [<a href='function.getimagesize'>function.getimagesize</a>]: failed to open stream: HTTP request failed! HTTP/1.1 404 Not Found
  in C:\Program Files\Zend\Apache2\htdocs\local.pruebas.com\lib\Varien\Image\Adapter\Abstract.php on line 87
2011-11-01T19:39:38+00:00 ERR (3): Warning: getimagesize(http://local.pruebas.com/skin/adminhtml/base/default/images/ph_callout_left_rebel.jpg) [<a href='function.getimagesize'>function.getimagesize</a>]: failed to open stream: HTTP request failed! HTTP/1.1 404 Not Found
  in C:\Program Files\Zend\Apache2\htdocs\local.pruebas.com\lib\Varien\Image\Adapter\Abstract.php on line 87
2011-11-01T19:39:38+00:00 ERR (3): Warning: getimagesize(http://local.pruebas.com/skin/adminhtml/base/default/images/media/best_selling_img03.jpg) [<a href='function.getimagesize'>function.getimagesize</a>]: failed to open stream: HTTP request failed! HTTP/1.1 404 Not Found
  in C:\Program Files\Zend\Apache2\htdocs\local.pruebas.com\lib\Varien\Image\Adapter\Abstract.php on line 87
2011-11-01T19:39:38+00:00 ERR (3): Warning: getimagesize(http://local.pruebas.com/skin/adminhtml/base/default/images/media/best_selling_img05.jpg) [<a href='function.getimagesize'>function.getimagesize</a>]: failed to open stream: HTTP request failed! HTTP/1.1 404 Not Found
  in C:\Program Files\Zend\Apache2\htdocs\local.pruebas.com\lib\Varien\Image\Adapter\Abstract.php on line 87
2011-11-01T19:39:39+00:00 ERR (3): Warning: getimagesize(http://local.pruebas.com/skin/adminhtml/base/default/images/media/best_selling_img04.jpg) [<a href='function.getimagesize'>function.getimagesize</a>]: failed to open stream: HTTP request failed! HTTP/1.1 404 Not Found
  in C:\Program Files\Zend\Apache2\htdocs\local.pruebas.com\lib\Varien\Image\Adapter\Abstract.php on line 87
2011-11-01T19:39:39+00:00 ERR (3): Warning: getimagesize(http://local.pruebas.com/skin/adminhtml/base/default/images/media/best_selling_img06.jpg) [<a href='function.getimagesize'>function.getimagesize</a>]: failed to open stream: HTTP request failed! HTTP/1.1 404 Not Found
  in C:\Program Files\Zend\Apache2\htdocs\local.pruebas.com\lib\Varien\Image\Adapter\Abstract.php on line 87
2011-11-01T19:41:21+00:00 ERR (3): Warning: getimagesize(http://local.pruebas.com/skin/adminhtml/base/default/images/free_shipping_callout.jpg) [<a href='function.getimagesize'>function.getimagesize</a>]: failed to open stream: HTTP request failed! HTTP/1.1 404 Not Found
  in C:\Program Files\Zend\Apache2\htdocs\local.pruebas.com\lib\Varien\Image\Adapter\Abstract.php on line 87
2011-11-01T19:41:23+00:00 ERR (3): Warning: getimagesize(http://local.pruebas.com/skin/adminhtml/base/default/images/home_main_callout.jpg) [<a href='function.getimagesize'>function.getimagesize</a>]: failed to open stream: HTTP request failed! HTTP/1.1 404 Not Found
  in C:\Program Files\Zend\Apache2\htdocs\local.pruebas.com\lib\Varien\Image\Adapter\Abstract.php on line 87
2011-11-01T19:41:23+00:00 ERR (3): Warning: getimagesize(http://local.pruebas.com/skin/adminhtml/base/default/images/ph_callout_left_rebel.jpg) [<a href='function.getimagesize'>function.getimagesize</a>]: failed to open stream: HTTP request failed! HTTP/1.1 404 Not Found
  in C:\Program Files\Zend\Apache2\htdocs\local.pruebas.com\lib\Varien\Image\Adapter\Abstract.php on line 87
2011-11-01T19:41:24+00:00 ERR (3): Warning: getimagesize(http://local.pruebas.com/skin/adminhtml/base/default/images/media/best_selling_img01.jpg) [<a href='function.getimagesize'>function.getimagesize</a>]: failed to open stream: HTTP request failed! HTTP/1.1 404 Not Found
  in C:\Program Files\Zend\Apache2\htdocs\local.pruebas.com\lib\Varien\Image\Adapter\Abstract.php on line 87
2011-11-01T19:41:24+00:00 ERR (3): Warning: getimagesize(http://local.pruebas.com/skin/adminhtml/base/default/images/ph_callout_left_top.gif) [<a href='function.getimagesize'>function.getimagesize</a>]: failed to open stream: HTTP request failed! HTTP/1.1 404 Not Found
  in C:\Program Files\Zend\Apache2\htdocs\local.pruebas.com\lib\Varien\Image\Adapter\Abstract.php on line 87
2011-11-01T19:41:25+00:00 ERR (3): Warning: getimagesize(http://local.pruebas.com/skin/adminhtml/base/default/images/media/best_selling_img02.jpg) [<a href='function.getimagesize'>function.getimagesize</a>]: failed to open stream: HTTP request failed! HTTP/1.1 404 Not Found
  in C:\Program Files\Zend\Apache2\htdocs\local.pruebas.com\lib\Varien\Image\Adapter\Abstract.php on line 87
2011-11-01T19:41:25+00:00 ERR (3): Warning: getimagesize(http://local.pruebas.com/skin/adminhtml/base/default/images/media/best_selling_img03.jpg) [<a href='function.getimagesize'>function.getimagesize</a>]: failed to open stream: HTTP request failed! HTTP/1.1 404 Not Found
  in C:\Program Files\Zend\Apache2\htdocs\local.pruebas.com\lib\Varien\Image\Adapter\Abstract.php on line 87
2011-11-01T19:41:26+00:00 ERR (3): Warning: getimagesize(http://local.pruebas.com/skin/adminhtml/base/default/images/media/best_selling_img04.jpg) [<a href='function.getimagesize'>function.getimagesize</a>]: failed to open stream: HTTP request failed! HTTP/1.1 404 Not Found
  in C:\Program Files\Zend\Apache2\htdocs\local.pruebas.com\lib\Varien\Image\Adapter\Abstract.php on line 87
2011-11-01T19:41:26+00:00 ERR (3): Warning: getimagesize(http://local.pruebas.com/skin/adminhtml/base/default/images/media/best_selling_img05.jpg) [<a href='function.getimagesize'>function.getimagesize</a>]: failed to open stream: HTTP request failed! HTTP/1.1 404 Not Found
  in C:\Program Files\Zend\Apache2\htdocs\local.pruebas.com\lib\Varien\Image\Adapter\Abstract.php on line 87
2011-11-01T19:41:26+00:00 ERR (3): Warning: getimagesize(http://local.pruebas.com/skin/adminhtml/base/default/images/media/best_selling_img06.jpg) [<a href='function.getimagesize'>function.getimagesize</a>]: failed to open stream: HTTP request failed! HTTP/1.1 404 Not Found
  in C:\Program Files\Zend\Apache2\htdocs\local.pruebas.com\lib\Varien\Image\Adapter\Abstract.php on line 87
2011-11-01T19:43:43+00:00 ERR (3): Warning: getimagesize(http://local.pruebas.com/skin/adminhtml/base/default/images/media/best_selling_img02.jpg) [<a href='function.getimagesize'>function.getimagesize</a>]: failed to open stream: HTTP request failed! HTTP/1.1 404 Not Found
  in C:\Program Files\Zend\Apache2\htdocs\local.pruebas.com\lib\Varien\Image\Adapter\Abstract.php on line 87
2011-11-01T19:43:44+00:00 ERR (3): Warning: getimagesize(http://local.pruebas.com/skin/adminhtml/base/default/images/ph_callout_left_rebel.jpg) [<a href='function.getimagesize'>function.getimagesize</a>]: failed to open stream: HTTP request failed! HTTP/1.1 404 Not Found
  in C:\Program Files\Zend\Apache2\htdocs\local.pruebas.com\lib\Varien\Image\Adapter\Abstract.php on line 87
2011-11-01T19:43:44+00:00 ERR (3): Warning: getimagesize(http://local.pruebas.com/skin/adminhtml/base/default/images/media/best_selling_img01.jpg) [<a href='function.getimagesize'>function.getimagesize</a>]: failed to open stream: HTTP request failed! HTTP/1.1 404 Not Found
  in C:\Program Files\Zend\Apache2\htdocs\local.pruebas.com\lib\Varien\Image\Adapter\Abstract.php on line 87
2011-11-01T19:43:45+00:00 ERR (3): Warning: getimagesize(http://local.pruebas.com/skin/adminhtml/base/default/images/free_shipping_callout.jpg) [<a href='function.getimagesize'>function.getimagesize</a>]: failed to open stream: HTTP request failed! HTTP/1.1 404 Not Found
  in C:\Program Files\Zend\Apache2\htdocs\local.pruebas.com\lib\Varien\Image\Adapter\Abstract.php on line 87
2011-11-01T19:43:45+00:00 ERR (3): Warning: getimagesize(http://local.pruebas.com/skin/adminhtml/base/default/images/home_main_callout.jpg) [<a href='function.getimagesize'>function.getimagesize</a>]: failed to open stream: HTTP request failed! HTTP/1.1 404 Not Found
  in C:\Program Files\Zend\Apache2\htdocs\local.pruebas.com\lib\Varien\Image\Adapter\Abstract.php on line 87
2011-11-01T19:43:46+00:00 ERR (3): Warning: getimagesize(http://local.pruebas.com/skin/adminhtml/base/default/images/ph_callout_left_top.gif) [<a href='function.getimagesize'>function.getimagesize</a>]: failed to open stream: HTTP request failed! HTTP/1.1 404 Not Found
  in C:\Program Files\Zend\Apache2\htdocs\local.pruebas.com\lib\Varien\Image\Adapter\Abstract.php on line 87
2011-11-01T19:43:47+00:00 ERR (3): Warning: getimagesize(http://local.pruebas.com/skin/adminhtml/base/default/images/media/best_selling_img03.jpg) [<a href='function.getimagesize'>function.getimagesize</a>]: failed to open stream: HTTP request failed! HTTP/1.1 404 Not Found
  in C:\Program Files\Zend\Apache2\htdocs\local.pruebas.com\lib\Varien\Image\Adapter\Abstract.php on line 87
2011-11-01T19:43:48+00:00 ERR (3): Warning: getimagesize(http://local.pruebas.com/skin/adminhtml/base/default/images/media/best_selling_img04.jpg) [<a href='function.getimagesize'>function.getimagesize</a>]: failed to open stream: HTTP request failed! HTTP/1.1 404 Not Found
  in C:\Program Files\Zend\Apache2\htdocs\local.pruebas.com\lib\Varien\Image\Adapter\Abstract.php on line 87
2011-11-01T19:43:48+00:00 ERR (3): Warning: getimagesize(http://local.pruebas.com/skin/adminhtml/base/default/images/media/best_selling_img05.jpg) [<a href='function.getimagesize'>function.getimagesize</a>]: failed to open stream: HTTP request failed! HTTP/1.1 404 Not Found
  in C:\Program Files\Zend\Apache2\htdocs\local.pruebas.com\lib\Varien\Image\Adapter\Abstract.php on line 87
2011-11-01T19:43:48+00:00 ERR (3): Warning: getimagesize(http://local.pruebas.com/skin/adminhtml/base/default/images/media/best_selling_img06.jpg) [<a href='function.getimagesize'>function.getimagesize</a>]: failed to open stream: HTTP request failed! HTTP/1.1 404 Not Found
  in C:\Program Files\Zend\Apache2\htdocs\local.pruebas.com\lib\Varien\Image\Adapter\Abstract.php on line 87
2011-11-01T19:56:58+00:00 ERR (3): Warning: include(Mage\Cms\Block\Widget\Interface.php) [<a href='function.include'>function.include</a>]: failed to open stream: No such file or directory  in C:\Program Files\Zend\Apache2\htdocs\local.pruebas.com\lib\Varien\Autoload.php on line 93
2011-11-01T19:56:58+00:00 ERR (3): Warning: include() [<a href='function.include'>function.include</a>]: Failed opening 'Mage\Cms\Block\Widget\Interface.php' for inclusion (include_path='C:\Program Files\Zend\Apache2\htdocs\local.pruebas.com\app\code\local;C:\Program Files\Zend\Apache2\htdocs\local.pruebas.com\app\code\community;C:\Program Files\Zend\Apache2\htdocs\local.pruebas.com\app\code\core;C:\Program Files\Zend\Apache2\htdocs\local.pruebas.com\lib;.;C:\Program Files\Zend\ZendServer\share\ZendFramework\library')  in C:\Program Files\Zend\Apache2\htdocs\local.pruebas.com\lib\Varien\Autoload.php on line 93
2011-11-01T19:58:11+00:00 ERR (3): Warning: include(Mage\Cms\Block\Widget\Interface.php) [<a href='function.include'>function.include</a>]: failed to open stream: No such file or directory  in C:\Program Files\Zend\Apache2\htdocs\local.pruebas.com\lib\Varien\Autoload.php on line 93
2011-11-01T19:58:11+00:00 ERR (3): Warning: include() [<a href='function.include'>function.include</a>]: Failed opening 'Mage\Cms\Block\Widget\Interface.php' for inclusion (include_path='C:\Program Files\Zend\Apache2\htdocs\local.pruebas.com\app\code\local;C:\Program Files\Zend\Apache2\htdocs\local.pruebas.com\app\code\community;C:\Program Files\Zend\Apache2\htdocs\local.pruebas.com\app\code\core;C:\Program Files\Zend\Apache2\htdocs\local.pruebas.com\lib;.;C:\Program Files\Zend\ZendServer\share\ZendFramework\library')  in C:\Program Files\Zend\Apache2\htdocs\local.pruebas.com\lib\Varien\Autoload.php on line 93
2011-11-01T22:44:02+00:00 ERR (3): Warning: simplexml_load_string() [<a href='function.simplexml-load-string'>function.simplexml-load-string</a>]: Entity: line 2: parser error : Start tag expected, '&lt;' not found  in C:\Program Files\Zend\Apache2\htdocs\local.pruebas.com\lib\Varien\Simplexml\Config.php on line 510
2011-11-01T22:44:02+00:00 ERR (3): Warning: simplexml_load_string() [<a href='function.simplexml-load-string'>function.simplexml-load-string</a>]:   in C:\Program Files\Zend\Apache2\htdocs\local.pruebas.com\lib\Varien\Simplexml\Config.php on line 510
2011-11-01T22:44:02+00:00 ERR (3): Warning: simplexml_load_string() [<a href='function.simplexml-load-string'>function.simplexml-load-string</a>]: ^  in C:\Program Files\Zend\Apache2\htdocs\local.pruebas.com\lib\Varien\Simplexml\Config.php on line 510
2011-11-01T22:44:15+00:00 ERR (3): Warning: simplexml_load_string() [<a href='function.simplexml-load-string'>function.simplexml-load-string</a>]: Entity: line 2: parser error : Start tag expected, '&lt;' not found  in C:\Program Files\Zend\Apache2\htdocs\local.pruebas.com\lib\Varien\Simplexml\Config.php on line 510
2011-11-01T22:44:15+00:00 ERR (3): Warning: simplexml_load_string() [<a href='function.simplexml-load-string'>function.simplexml-load-string</a>]:   in C:\Program Files\Zend\Apache2\htdocs\local.pruebas.com\lib\Varien\Simplexml\Config.php on line 510
2011-11-01T22:44:15+00:00 ERR (3): Warning: simplexml_load_string() [<a href='function.simplexml-load-string'>function.simplexml-load-string</a>]: ^  in C:\Program Files\Zend\Apache2\htdocs\local.pruebas.com\lib\Varien\Simplexml\Config.php on line 510
2011-11-01T22:44:21+00:00 ERR (3): Warning: simplexml_load_string() [<a href='function.simplexml-load-string'>function.simplexml-load-string</a>]: Entity: line 2: parser error : Start tag expected, '&lt;' not found  in C:\Program Files\Zend\Apache2\htdocs\local.pruebas.com\lib\Varien\Simplexml\Config.php on line 510
2011-11-01T22:44:21+00:00 ERR (3): Warning: simplexml_load_string() [<a href='function.simplexml-load-string'>function.simplexml-load-string</a>]:   in C:\Program Files\Zend\Apache2\htdocs\local.pruebas.com\lib\Varien\Simplexml\Config.php on line 510
2011-11-01T22:44:21+00:00 ERR (3): Warning: simplexml_load_string() [<a href='function.simplexml-load-string'>function.simplexml-load-string</a>]: ^  in C:\Program Files\Zend\Apache2\htdocs\local.pruebas.com\lib\Varien\Simplexml\Config.php on line 510
2011-11-01T22:47:34+00:00 ERR (3): Warning: simplexml_load_string() [<a href='function.simplexml-load-string'>function.simplexml-load-string</a>]: Entity: line 2: parser error : Start tag expected, '&lt;' not found  in C:\Program Files\Zend\Apache2\htdocs\local.pruebas.com\lib\Varien\Simplexml\Config.php on line 510
2011-11-01T22:47:34+00:00 ERR (3): Warning: simplexml_load_string() [<a href='function.simplexml-load-string'>function.simplexml-load-string</a>]:   in C:\Program Files\Zend\Apache2\htdocs\local.pruebas.com\lib\Varien\Simplexml\Config.php on line 510
2011-11-01T22:47:34+00:00 ERR (3): Warning: simplexml_load_string() [<a href='function.simplexml-load-string'>function.simplexml-load-string</a>]: ^  in C:\Program Files\Zend\Apache2\htdocs\local.pruebas.com\lib\Varien\Simplexml\Config.php on line 510
2011-11-01T22:47:36+00:00 ERR (3): Warning: include(Mage\Widgettwo\Helper\Data.php) [<a href='function.include'>function.include</a>]: failed to open stream: No such file or directory  in C:\Program Files\Zend\Apache2\htdocs\local.pruebas.com\lib\Varien\Autoload.php on line 93
2011-11-01T22:47:36+00:00 ERR (3): Warning: include() [<a href='function.include'>function.include</a>]: Failed opening 'Mage\Widgettwo\Helper\Data.php' for inclusion (include_path='C:\Program Files\Zend\Apache2\htdocs\local.pruebas.com\app\code\local;C:\Program Files\Zend\Apache2\htdocs\local.pruebas.com\app\code\community;C:\Program Files\Zend\Apache2\htdocs\local.pruebas.com\app\code\core;C:\Program Files\Zend\Apache2\htdocs\local.pruebas.com\lib;.;C:\Program Files\Zend\ZendServer\share\ZendFramework\library')  in C:\Program Files\Zend\Apache2\htdocs\local.pruebas.com\lib\Varien\Autoload.php on line 93
2011-11-01T22:54:32+00:00 ERR (3): Warning: simplexml_load_string() [<a href='function.simplexml-load-string'>function.simplexml-load-string</a>]: Entity: line 2: parser error : Start tag expected, '&lt;' not found  in C:\Program Files\Zend\Apache2\htdocs\local.pruebas.com\lib\Varien\Simplexml\Config.php on line 510
2011-11-01T22:54:32+00:00 ERR (3): Warning: simplexml_load_string() [<a href='function.simplexml-load-string'>function.simplexml-load-string</a>]:   in C:\Program Files\Zend\Apache2\htdocs\local.pruebas.com\lib\Varien\Simplexml\Config.php on line 510
2011-11-01T22:54:32+00:00 ERR (3): Warning: simplexml_load_string() [<a href='function.simplexml-load-string'>function.simplexml-load-string</a>]: ^  in C:\Program Files\Zend\Apache2\htdocs\local.pruebas.com\lib\Varien\Simplexml\Config.php on line 510
2011-11-01T22:54:34+00:00 ERR (3): Warning: include(Mage\Widgettwo\Helper\Data.php) [<a href='function.include'>function.include</a>]: failed to open stream: No such file or directory  in C:\Program Files\Zend\Apache2\htdocs\local.pruebas.com\lib\Varien\Autoload.php on line 93
2011-11-01T22:54:34+00:00 ERR (3): Warning: include() [<a href='function.include'>function.include</a>]: Failed opening 'Mage\Widgettwo\Helper\Data.php' for inclusion (include_path='C:\Program Files\Zend\Apache2\htdocs\local.pruebas.com\app\code\local;C:\Program Files\Zend\Apache2\htdocs\local.pruebas.com\app\code\community;C:\Program Files\Zend\Apache2\htdocs\local.pruebas.com\app\code\core;C:\Program Files\Zend\Apache2\htdocs\local.pruebas.com\lib;.;C:\Program Files\Zend\ZendServer\share\ZendFramework\library')  in C:\Program Files\Zend\Apache2\htdocs\local.pruebas.com\lib\Varien\Autoload.php on line 93
2011-11-01T22:56:47+00:00 ERR (3): Warning: include(Mage\Cms\Block\Widget\Interface.php) [<a href='function.include'>function.include</a>]: failed to open stream: No such file or directory  in C:\Program Files\Zend\Apache2\htdocs\local.pruebas.com\lib\Varien\Autoload.php on line 93
2011-11-01T22:56:47+00:00 ERR (3): Warning: include() [<a href='function.include'>function.include</a>]: Failed opening 'Mage\Cms\Block\Widget\Interface.php' for inclusion (include_path='C:\Program Files\Zend\Apache2\htdocs\local.pruebas.com\app\code\local;C:\Program Files\Zend\Apache2\htdocs\local.pruebas.com\app\code\community;C:\Program Files\Zend\Apache2\htdocs\local.pruebas.com\app\code\core;C:\Program Files\Zend\Apache2\htdocs\local.pruebas.com\lib;.;C:\Program Files\Zend\ZendServer\share\ZendFramework\library')  in C:\Program Files\Zend\Apache2\htdocs\local.pruebas.com\lib\Varien\Autoload.php on line 93
2011-11-13T17:33:05+00:00 ERR (3): Recoverable Error: Object of class Mage_Core_Model_Locale could not be converted to string  in C:\Program Files\Zend\Apache2\htdocs\local.pruebas.com\app\design\frontend\default\default\template\moo\catalog\product\view\media.phtml on line 49
2011-11-22T11:18:36+00:00 ERR (3): Warning: getimagesize(http://local.pruebas.com/skin/adminhtml/base/default/images/free_shipping_callout.jpg) [<a href='function.getimagesize'>function.getimagesize</a>]: failed to open stream: HTTP request failed! HTTP/1.1 404 Not Found
  in C:\Program Files\Zend\Apache2\htdocs\local.pruebas.com\lib\Varien\Image\Adapter\Abstract.php on line 87
2011-11-22T11:18:37+00:00 ERR (3): Warning: getimagesize(http://local.pruebas.com/skin/adminhtml/base/default/images/ph_callout_left_rebel.jpg) [<a href='function.getimagesize'>function.getimagesize</a>]: failed to open stream: HTTP request failed! HTTP/1.1 404 Not Found
  in C:\Program Files\Zend\Apache2\htdocs\local.pruebas.com\lib\Varien\Image\Adapter\Abstract.php on line 87
2011-11-22T11:18:38+00:00 ERR (3): Warning: getimagesize(http://local.pruebas.com/skin/adminhtml/base/default/images/ph_callout_left_top.gif) [<a href='function.getimagesize'>function.getimagesize</a>]: failed to open stream: HTTP request failed! HTTP/1.1 404 Not Found
  in C:\Program Files\Zend\Apache2\htdocs\local.pruebas.com\lib\Varien\Image\Adapter\Abstract.php on line 87
2011-11-22T11:18:39+00:00 ERR (3): Warning: getimagesize(http://local.pruebas.com/skin/adminhtml/base/default/images/home_main_callout.jpg) [<a href='function.getimagesize'>function.getimagesize</a>]: failed to open stream: HTTP request failed! HTTP/1.1 404 Not Found
  in C:\Program Files\Zend\Apache2\htdocs\local.pruebas.com\lib\Varien\Image\Adapter\Abstract.php on line 87
2011-11-22T11:18:40+00:00 ERR (3): Warning: getimagesize(http://local.pruebas.com/skin/adminhtml/base/default/images/media/best_selling_img01.jpg) [<a href='function.getimagesize'>function.getimagesize</a>]: failed to open stream: HTTP request failed! HTTP/1.1 404 Not Found
  in C:\Program Files\Zend\Apache2\htdocs\local.pruebas.com\lib\Varien\Image\Adapter\Abstract.php on line 87
2011-11-22T11:18:41+00:00 ERR (3): Warning: getimagesize(http://local.pruebas.com/skin/adminhtml/base/default/images/media/best_selling_img03.jpg) [<a href='function.getimagesize'>function.getimagesize</a>]: failed to open stream: HTTP request failed! HTTP/1.1 404 Not Found
  in C:\Program Files\Zend\Apache2\htdocs\local.pruebas.com\lib\Varien\Image\Adapter\Abstract.php on line 87
2011-11-22T11:18:43+00:00 ERR (3): Warning: getimagesize(http://local.pruebas.com/skin/adminhtml/base/default/images/media/best_selling_img04.jpg) [<a href='function.getimagesize'>function.getimagesize</a>]: failed to open stream: HTTP request failed! HTTP/1.1 404 Not Found
  in C:\Program Files\Zend\Apache2\htdocs\local.pruebas.com\lib\Varien\Image\Adapter\Abstract.php on line 87
2011-11-22T11:18:44+00:00 ERR (3): Warning: getimagesize(http://local.pruebas.com/skin/adminhtml/base/default/images/media/best_selling_img05.jpg) [<a href='function.getimagesize'>function.getimagesize</a>]: failed to open stream: HTTP request failed! HTTP/1.1 404 Not Found
  in C:\Program Files\Zend\Apache2\htdocs\local.pruebas.com\lib\Varien\Image\Adapter\Abstract.php on line 87
2011-11-22T11:18:44+00:00 ERR (3): Warning: getimagesize(http://local.pruebas.com/skin/adminhtml/base/default/images/media/best_selling_img02.jpg) [<a href='function.getimagesize'>function.getimagesize</a>]: failed to open stream: HTTP request failed! HTTP/1.1 404 Not Found
  in C:\Program Files\Zend\Apache2\htdocs\local.pruebas.com\lib\Varien\Image\Adapter\Abstract.php on line 87
2011-11-22T11:18:45+00:00 ERR (3): Warning: getimagesize(http://local.pruebas.com/skin/adminhtml/base/default/images/media/best_selling_img06.jpg) [<a href='function.getimagesize'>function.getimagesize</a>]: failed to open stream: HTTP request failed! HTTP/1.1 404 Not Found
  in C:\Program Files\Zend\Apache2\htdocs\local.pruebas.com\lib\Varien\Image\Adapter\Abstract.php on line 87
2011-11-28T21:43:45+00:00 ERR (3): Warning: Invalid argument supplied for foreach()  in C:\Program Files\Zend\Apache2\htdocs\local.pruebas.com\app\code\local\Interactiv4\ManageStock\Block\Product\View\Type\Configurable.php on line 68
2011-11-28T22:16:36+00:00 ERR (3): Strict Notice: Declaration of Interactiv4_ManageStock_Block_Product_View_Type_Configurable::formatDate() should be compatible with that of Mage_Core_Block_Abstract::formatDate()  in C:\Program Files\Zend\Apache2\htdocs\local.pruebas.com\app\code\local\Interactiv4\ManageStock\Block\Product\View\Type\Configurable.php on line 35
2011-11-28T22:16:38+00:00 ERR (3): Strict Notice: Declaration of Interactiv4_ManageStock_Block_Product_View_Type_Configurable::formatDate() should be compatible with that of Mage_Core_Block_Abstract::formatDate()  in C:\Program Files\Zend\Apache2\htdocs\local.pruebas.com\app\code\local\Interactiv4\ManageStock\Block\Product\View\Type\Configurable.php on line 35
2011-11-28T22:34:44+00:00 ERR (3): Notice: Undefined index:  value_index_3  in C:\Program Files\Zend\Apache2\htdocs\local.pruebas.com\app\code\local\Interactiv4\ManageStock\Block\Product\View\Type\Configurable.php on line 62
2011-11-28T22:34:44+00:00 ERR (3): Notice: Undefined index:  value_index_3  in C:\Program Files\Zend\Apache2\htdocs\local.pruebas.com\app\code\local\Interactiv4\ManageStock\Block\Product\View\Type\Configurable.php on line 62
2011-11-28T22:34:44+00:00 ERR (3): Notice: Undefined index:  value_index_3  in C:\Program Files\Zend\Apache2\htdocs\local.pruebas.com\app\code\local\Interactiv4\ManageStock\Block\Product\View\Type\Configurable.php on line 62
2011-12-01T22:11:07+00:00 ERR (3): Warning: simplexml_load_string() [<a href='function.simplexml-load-string'>function.simplexml-load-string</a>]: Entity: line 2: parser error : Start tag expected, '&lt;' not found  in C:\Program Files\Zend\Apache2\htdocs\local.pruebas.com\lib\Varien\Simplexml\Config.php on line 510
2011-12-01T22:11:07+00:00 ERR (3): Warning: simplexml_load_string() [<a href='function.simplexml-load-string'>function.simplexml-load-string</a>]:   in C:\Program Files\Zend\Apache2\htdocs\local.pruebas.com\lib\Varien\Simplexml\Config.php on line 510
2011-12-01T22:11:07+00:00 ERR (3): Warning: simplexml_load_string() [<a href='function.simplexml-load-string'>function.simplexml-load-string</a>]: ^  in C:\Program Files\Zend\Apache2\htdocs\local.pruebas.com\lib\Varien\Simplexml\Config.php on line 510
2011-12-01T22:18:14+00:00 ERR (3): Warning: simplexml_load_string() [<a href='function.simplexml-load-string'>function.simplexml-load-string</a>]: Entity: line 16: parser error : error parsing attribute name  in C:\Program Files\Zend\Apache2\htdocs\local.pruebas.com\lib\Varien\Simplexml\Config.php on line 510
2011-12-01T22:18:14+00:00 ERR (3): Warning: simplexml_load_string() [<a href='function.simplexml-load-string'>function.simplexml-load-string</a>]:     			&lt;observers&gt;&lt;!-- Cuando tengamos el evento controller_front_init_routers -  in C:\Program Files\Zend\Apache2\htdocs\local.pruebas.com\lib\Varien\Simplexml\Config.php on line 510
2011-12-01T22:18:14+00:00 ERR (3): Warning: simplexml_load_string() [<a href='function.simplexml-load-string'>function.simplexml-load-string</a>]:     			^  in C:\Program Files\Zend\Apache2\htdocs\local.pruebas.com\lib\Varien\Simplexml\Config.php on line 510
2011-12-01T22:18:14+00:00 ERR (3): Warning: simplexml_load_string() [<a href='function.simplexml-load-string'>function.simplexml-load-string</a>]: Entity: line 16: parser error : attributes construct error  in C:\Program Files\Zend\Apache2\htdocs\local.pruebas.com\lib\Varien\Simplexml\Config.php on line 510
2011-12-01T22:18:14+00:00 ERR (3): Warning: simplexml_load_string() [<a href='function.simplexml-load-string'>function.simplexml-load-string</a>]:     			&lt;observers&gt;&lt;!-- Cuando tengamos el evento controller_front_init_routers -  in C:\Program Files\Zend\Apache2\htdocs\local.pruebas.com\lib\Varien\Simplexml\Config.php on line 510
2011-12-01T22:18:14+00:00 ERR (3): Warning: simplexml_load_string() [<a href='function.simplexml-load-string'>function.simplexml-load-string</a>]:     			^  in C:\Program Files\Zend\Apache2\htdocs\local.pruebas.com\lib\Varien\Simplexml\Config.php on line 510
2011-12-01T22:18:14+00:00 ERR (3): Warning: simplexml_load_string() [<a href='function.simplexml-load-string'>function.simplexml-load-string</a>]: Entity: line 16: parser error : Couldn't find end of Start Tag checkout_type_onepage_save_order line 15  in C:\Program Files\Zend\Apache2\htdocs\local.pruebas.com\lib\Varien\Simplexml\Config.php on line 510
2011-12-01T22:18:14+00:00 ERR (3): Warning: simplexml_load_string() [<a href='function.simplexml-load-string'>function.simplexml-load-string</a>]:     			&lt;observers&gt;&lt;!-- Cuando tengamos el evento controller_front_init_routers -  in C:\Program Files\Zend\Apache2\htdocs\local.pruebas.com\lib\Varien\Simplexml\Config.php on line 510
2011-12-01T22:18:14+00:00 ERR (3): Warning: simplexml_load_string() [<a href='function.simplexml-load-string'>function.simplexml-load-string</a>]:     			^  in C:\Program Files\Zend\Apache2\htdocs\local.pruebas.com\lib\Varien\Simplexml\Config.php on line 510
2011-12-01T22:18:14+00:00 ERR (3): Warning: simplexml_load_string() [<a href='function.simplexml-load-string'>function.simplexml-load-string</a>]: Entity: line 22: parser error : Opening and ending tag mismatch: events line 14 and checkout_type_onepage_save_order  in C:\Program Files\Zend\Apache2\htdocs\local.pruebas.com\lib\Varien\Simplexml\Config.php on line 510
2011-12-01T22:18:14+00:00 ERR (3): Warning: simplexml_load_string() [<a href='function.simplexml-load-string'>function.simplexml-load-string</a>]:     		&lt;/checkout_type_onepage_save_order&gt;  in C:\Program Files\Zend\Apache2\htdocs\local.pruebas.com\lib\Varien\Simplexml\Config.php on line 510
2011-12-01T22:18:14+00:00 ERR (3): Warning: simplexml_load_string() [<a href='function.simplexml-load-string'>function.simplexml-load-string</a>]:     		                                   ^  in C:\Program Files\Zend\Apache2\htdocs\local.pruebas.com\lib\Varien\Simplexml\Config.php on line 510
2011-12-01T22:18:14+00:00 ERR (3): Warning: simplexml_load_string() [<a href='function.simplexml-load-string'>function.simplexml-load-string</a>]: Entity: line 23: parser error : Opening and ending tag mismatch: global line 8 and events  in C:\Program Files\Zend\Apache2\htdocs\local.pruebas.com\lib\Varien\Simplexml\Config.php on line 510
2011-12-01T22:18:14+00:00 ERR (3): Warning: simplexml_load_string() [<a href='function.simplexml-load-string'>function.simplexml-load-string</a>]:     	&lt;/events&gt;  in C:\Program Files\Zend\Apache2\htdocs\local.pruebas.com\lib\Varien\Simplexml\Config.php on line 510
2011-12-01T22:18:14+00:00 ERR (3): Warning: simplexml_load_string() [<a href='function.simplexml-load-string'>function.simplexml-load-string</a>]:     	         ^  in C:\Program Files\Zend\Apache2\htdocs\local.pruebas.com\lib\Varien\Simplexml\Config.php on line 510
2011-12-01T22:18:14+00:00 ERR (3): Warning: simplexml_load_string() [<a href='function.simplexml-load-string'>function.simplexml-load-string</a>]: Entity: line 24: parser error : Opening and ending tag mismatch: config line 2 and global  in C:\Program Files\Zend\Apache2\htdocs\local.pruebas.com\lib\Varien\Simplexml\Config.php on line 510
2011-12-01T22:18:14+00:00 ERR (3): Warning: simplexml_load_string() [<a href='function.simplexml-load-string'>function.simplexml-load-string</a>]: 	&lt;/global&gt;  in C:\Program Files\Zend\Apache2\htdocs\local.pruebas.com\lib\Varien\Simplexml\Config.php on line 510
2011-12-01T22:18:14+00:00 ERR (3): Warning: simplexml_load_string() [<a href='function.simplexml-load-string'>function.simplexml-load-string</a>]: 	         ^  in C:\Program Files\Zend\Apache2\htdocs\local.pruebas.com\lib\Varien\Simplexml\Config.php on line 510
2011-12-01T22:18:14+00:00 ERR (3): Warning: simplexml_load_string() [<a href='function.simplexml-load-string'>function.simplexml-load-string</a>]: Entity: line 25: parser error : Extra content at the end of the document  in C:\Program Files\Zend\Apache2\htdocs\local.pruebas.com\lib\Varien\Simplexml\Config.php on line 510
2011-12-01T22:18:14+00:00 ERR (3): Warning: simplexml_load_string() [<a href='function.simplexml-load-string'>function.simplexml-load-string</a>]: &lt;/config&gt;  in C:\Program Files\Zend\Apache2\htdocs\local.pruebas.com\lib\Varien\Simplexml\Config.php on line 510
2011-12-01T22:18:14+00:00 ERR (3): Warning: simplexml_load_string() [<a href='function.simplexml-load-string'>function.simplexml-load-string</a>]: ^  in C:\Program Files\Zend\Apache2\htdocs\local.pruebas.com\lib\Varien\Simplexml\Config.php on line 510
2011-12-01T22:29:08+00:00 ERR (3): Warning: include(Elblogdeselo\CheckoutAlert\Model\Observer.php) [<a href='function.include'>function.include</a>]: failed to open stream: No such file or directory  in C:\Program Files\Zend\Apache2\htdocs\local.pruebas.com\lib\Varien\Autoload.php on line 93
2011-12-01T22:29:08+00:00 ERR (3): Warning: include() [<a href='function.include'>function.include</a>]: Failed opening 'Elblogdeselo\CheckoutAlert\Model\Observer.php' for inclusion (include_path='C:\Program Files\Zend\Apache2\htdocs\local.pruebas.com\app\code\local;C:\Program Files\Zend\Apache2\htdocs\local.pruebas.com\app\code\community;C:\Program Files\Zend\Apache2\htdocs\local.pruebas.com\app\code\core;C:\Program Files\Zend\Apache2\htdocs\local.pruebas.com\lib;.;C:\Program Files\Zend\ZendServer\share\ZendFramework\library')  in C:\Program Files\Zend\Apache2\htdocs\local.pruebas.com\lib\Varien\Autoload.php on line 93
2011-12-01T22:30:08+00:00 ERR (3): Warning: include(Elblogdeselo\CheckoutAlert\Model\Observer.php) [<a href='function.include'>function.include</a>]: failed to open stream: No such file or directory  in C:\Program Files\Zend\Apache2\htdocs\local.pruebas.com\lib\Varien\Autoload.php on line 93
2011-12-01T22:30:08+00:00 ERR (3): Warning: include() [<a href='function.include'>function.include</a>]: Failed opening 'Elblogdeselo\CheckoutAlert\Model\Observer.php' for inclusion (include_path='C:\Program Files\Zend\Apache2\htdocs\local.pruebas.com\app\code\local;C:\Program Files\Zend\Apache2\htdocs\local.pruebas.com\app\code\community;C:\Program Files\Zend\Apache2\htdocs\local.pruebas.com\app\code\core;C:\Program Files\Zend\Apache2\htdocs\local.pruebas.com\lib;.;C:\Program Files\Zend\ZendServer\share\ZendFramework\library')  in C:\Program Files\Zend\Apache2\htdocs\local.pruebas.com\lib\Varien\Autoload.php on line 93
2011-12-01T22:31:08+00:00 ERR (3): Warning: include(Mage\Checkoutalert\Model\Observer.php) [<a href='function.include'>function.include</a>]: failed to open stream: No such file or directory  in C:\Program Files\Zend\Apache2\htdocs\local.pruebas.com\lib\Varien\Autoload.php on line 93
2011-12-01T22:31:08+00:00 ERR (3): Warning: include() [<a href='function.include'>function.include</a>]: Failed opening 'Mage\Checkoutalert\Model\Observer.php' for inclusion (include_path='C:\Program Files\Zend\Apache2\htdocs\local.pruebas.com\app\code\local;C:\Program Files\Zend\Apache2\htdocs\local.pruebas.com\app\code\community;C:\Program Files\Zend\Apache2\htdocs\local.pruebas.com\app\code\core;C:\Program Files\Zend\Apache2\htdocs\local.pruebas.com\lib;.;C:\Program Files\Zend\ZendServer\share\ZendFramework\library')  in C:\Program Files\Zend\Apache2\htdocs\local.pruebas.com\lib\Varien\Autoload.php on line 93
2011-12-01T22:32:08+00:00 ERR (3): Warning: include(Mage\Checkoutalert\Model\Observer.php) [<a href='function.include'>function.include</a>]: failed to open stream: No such file or directory  in C:\Program Files\Zend\Apache2\htdocs\local.pruebas.com\lib\Varien\Autoload.php on line 93
2011-12-01T22:32:08+00:00 ERR (3): Warning: include() [<a href='function.include'>function.include</a>]: Failed opening 'Mage\Checkoutalert\Model\Observer.php' for inclusion (include_path='C:\Program Files\Zend\Apache2\htdocs\local.pruebas.com\app\code\local;C:\Program Files\Zend\Apache2\htdocs\local.pruebas.com\app\code\community;C:\Program Files\Zend\Apache2\htdocs\local.pruebas.com\app\code\core;C:\Program Files\Zend\Apache2\htdocs\local.pruebas.com\lib;.;C:\Program Files\Zend\ZendServer\share\ZendFramework\library')  in C:\Program Files\Zend\Apache2\htdocs\local.pruebas.com\lib\Varien\Autoload.php on line 93
2012-01-05T20:32:21+00:00 ERR (3): Warning: simplexml_load_string() [<a href='function.simplexml-load-string'>function.simplexml-load-string</a>]: Entity: line 30: parser error : error parsing attribute name  in C:\Program Files\Zend\Apache2\htdocs\local.pruebas.com\lib\Varien\Simplexml\Config.php on line 510
2012-01-05T20:32:21+00:00 ERR (3): Warning: simplexml_load_string() [<a href='function.simplexml-load-string'>function.simplexml-load-string</a>]:         &lt;Mage_Core&gt;  in C:\Program Files\Zend\Apache2\htdocs\local.pruebas.com\lib\Varien\Simplexml\Config.php on line 510
2012-01-05T20:32:21+00:00 ERR (3): Warning: simplexml_load_string() [<a href='function.simplexml-load-string'>function.simplexml-load-string</a>]:         ^  in C:\Program Files\Zend\Apache2\htdocs\local.pruebas.com\lib\Varien\Simplexml\Config.php on line 510
2012-01-05T20:32:21+00:00 ERR (3): Warning: simplexml_load_string() [<a href='function.simplexml-load-string'>function.simplexml-load-string</a>]: Entity: line 30: parser error : attributes construct error  in C:\Program Files\Zend\Apache2\htdocs\local.pruebas.com\lib\Varien\Simplexml\Config.php on line 510
2012-01-05T20:32:21+00:00 ERR (3): Warning: simplexml_load_string() [<a href='function.simplexml-load-string'>function.simplexml-load-string</a>]:         &lt;Mage_Core&gt;  in C:\Program Files\Zend\Apache2\htdocs\local.pruebas.com\lib\Varien\Simplexml\Config.php on line 510
2012-01-05T20:32:21+00:00 ERR (3): Warning: simplexml_load_string() [<a href='function.simplexml-load-string'>function.simplexml-load-string</a>]:         ^  in C:\Program Files\Zend\Apache2\htdocs\local.pruebas.com\lib\Varien\Simplexml\Config.php on line 510
2012-01-05T20:32:21+00:00 ERR (3): Warning: simplexml_load_string() [<a href='function.simplexml-load-string'>function.simplexml-load-string</a>]: Entity: line 30: parser error : Couldn't find end of Start Tag modules line 29  in C:\Program Files\Zend\Apache2\htdocs\local.pruebas.com\lib\Varien\Simplexml\Config.php on line 510
2012-01-05T20:32:21+00:00 ERR (3): Warning: simplexml_load_string() [<a href='function.simplexml-load-string'>function.simplexml-load-string</a>]:         &lt;Mage_Core&gt;  in C:\Program Files\Zend\Apache2\htdocs\local.pruebas.com\lib\Varien\Simplexml\Config.php on line 510
2012-01-05T20:32:21+00:00 ERR (3): Warning: simplexml_load_string() [<a href='function.simplexml-load-string'>function.simplexml-load-string</a>]:         ^  in C:\Program Files\Zend\Apache2\htdocs\local.pruebas.com\lib\Varien\Simplexml\Config.php on line 510
2012-01-05T20:32:21+00:00 ERR (3): Warning: simplexml_load_string() [<a href='function.simplexml-load-string'>function.simplexml-load-string</a>]: Entity: line 410: parser error : Opening and ending tag mismatch: config line 28 and modules  in C:\Program Files\Zend\Apache2\htdocs\local.pruebas.com\lib\Varien\Simplexml\Config.php on line 510
2012-01-05T20:32:21+00:00 ERR (3): Warning: simplexml_load_string() [<a href='function.simplexml-load-string'>function.simplexml-load-string</a>]:     &lt;/modules&gt;  in C:\Program Files\Zend\Apache2\htdocs\local.pruebas.com\lib\Varien\Simplexml\Config.php on line 510
2012-01-05T20:32:21+00:00 ERR (3): Warning: simplexml_load_string() [<a href='function.simplexml-load-string'>function.simplexml-load-string</a>]:               ^  in C:\Program Files\Zend\Apache2\htdocs\local.pruebas.com\lib\Varien\Simplexml\Config.php on line 510
2012-01-05T20:32:21+00:00 ERR (3): Warning: simplexml_load_string() [<a href='function.simplexml-load-string'>function.simplexml-load-string</a>]: Entity: line 411: parser error : Extra content at the end of the document  in C:\Program Files\Zend\Apache2\htdocs\local.pruebas.com\lib\Varien\Simplexml\Config.php on line 510
2012-01-05T20:32:21+00:00 ERR (3): Warning: simplexml_load_string() [<a href='function.simplexml-load-string'>function.simplexml-load-string</a>]: &lt;/config&gt;  in C:\Program Files\Zend\Apache2\htdocs\local.pruebas.com\lib\Varien\Simplexml\Config.php on line 510
2012-01-05T20:32:21+00:00 ERR (3): Warning: simplexml_load_string() [<a href='function.simplexml-load-string'>function.simplexml-load-string</a>]: ^  in C:\Program Files\Zend\Apache2\htdocs\local.pruebas.com\lib\Varien\Simplexml\Config.php on line 510
2012-01-05T20:33:11+00:00 ERR (3): Warning: simplexml_load_string() [<a href='function.simplexml-load-string'>function.simplexml-load-string</a>]: Entity: line 30: parser error : error parsing attribute name  in C:\Program Files\Zend\Apache2\htdocs\local.pruebas.com\lib\Varien\Simplexml\Config.php on line 510
2012-01-05T20:33:11+00:00 ERR (3): Warning: simplexml_load_string() [<a href='function.simplexml-load-string'>function.simplexml-load-string</a>]:         &lt;Mage_Core&gt;  in C:\Program Files\Zend\Apache2\htdocs\local.pruebas.com\lib\Varien\Simplexml\Config.php on line 510
2012-01-05T20:33:11+00:00 ERR (3): Warning: simplexml_load_string() [<a href='function.simplexml-load-string'>function.simplexml-load-string</a>]:         ^  in C:\Program Files\Zend\Apache2\htdocs\local.pruebas.com\lib\Varien\Simplexml\Config.php on line 510
2012-01-05T20:33:11+00:00 ERR (3): Warning: simplexml_load_string() [<a href='function.simplexml-load-string'>function.simplexml-load-string</a>]: Entity: line 30: parser error : attributes construct error  in C:\Program Files\Zend\Apache2\htdocs\local.pruebas.com\lib\Varien\Simplexml\Config.php on line 510
2012-01-05T20:33:11+00:00 ERR (3): Warning: simplexml_load_string() [<a href='function.simplexml-load-string'>function.simplexml-load-string</a>]:         &lt;Mage_Core&gt;  in C:\Program Files\Zend\Apache2\htdocs\local.pruebas.com\lib\Varien\Simplexml\Config.php on line 510
2012-01-05T20:33:11+00:00 ERR (3): Warning: simplexml_load_string() [<a href='function.simplexml-load-string'>function.simplexml-load-string</a>]:         ^  in C:\Program Files\Zend\Apache2\htdocs\local.pruebas.com\lib\Varien\Simplexml\Config.php on line 510
2012-01-05T20:33:11+00:00 ERR (3): Warning: simplexml_load_string() [<a href='function.simplexml-load-string'>function.simplexml-load-string</a>]: Entity: line 30: parser error : Couldn't find end of Start Tag modules line 29  in C:\Program Files\Zend\Apache2\htdocs\local.pruebas.com\lib\Varien\Simplexml\Config.php on line 510
2012-01-05T20:33:11+00:00 ERR (3): Warning: simplexml_load_string() [<a href='function.simplexml-load-string'>function.simplexml-load-string</a>]:         &lt;Mage_Core&gt;  in C:\Program Files\Zend\Apache2\htdocs\local.pruebas.com\lib\Varien\Simplexml\Config.php on line 510
2012-01-05T20:33:11+00:00 ERR (3): Warning: simplexml_load_string() [<a href='function.simplexml-load-string'>function.simplexml-load-string</a>]:         ^  in C:\Program Files\Zend\Apache2\htdocs\local.pruebas.com\lib\Varien\Simplexml\Config.php on line 510
2012-01-05T20:33:11+00:00 ERR (3): Warning: simplexml_load_string() [<a href='function.simplexml-load-string'>function.simplexml-load-string</a>]: Entity: line 410: parser error : Opening and ending tag mismatch: config line 28 and modules  in C:\Program Files\Zend\Apache2\htdocs\local.pruebas.com\lib\Varien\Simplexml\Config.php on line 510
2012-01-05T20:33:11+00:00 ERR (3): Warning: simplexml_load_string() [<a href='function.simplexml-load-string'>function.simplexml-load-string</a>]:     &lt;/modules&gt;  in C:\Program Files\Zend\Apache2\htdocs\local.pruebas.com\lib\Varien\Simplexml\Config.php on line 510
2012-01-05T20:33:11+00:00 ERR (3): Warning: simplexml_load_string() [<a href='function.simplexml-load-string'>function.simplexml-load-string</a>]:               ^  in C:\Program Files\Zend\Apache2\htdocs\local.pruebas.com\lib\Varien\Simplexml\Config.php on line 510
2012-01-05T20:33:11+00:00 ERR (3): Warning: simplexml_load_string() [<a href='function.simplexml-load-string'>function.simplexml-load-string</a>]: Entity: line 411: parser error : Extra content at the end of the document  in C:\Program Files\Zend\Apache2\htdocs\local.pruebas.com\lib\Varien\Simplexml\Config.php on line 510
2012-01-05T20:33:11+00:00 ERR (3): Warning: simplexml_load_string() [<a href='function.simplexml-load-string'>function.simplexml-load-string</a>]: &lt;/config&gt;  in C:\Program Files\Zend\Apache2\htdocs\local.pruebas.com\lib\Varien\Simplexml\Config.php on line 510
2012-01-05T20:33:11+00:00 ERR (3): Warning: simplexml_load_string() [<a href='function.simplexml-load-string'>function.simplexml-load-string</a>]: ^  in C:\Program Files\Zend\Apache2\htdocs\local.pruebas.com\lib\Varien\Simplexml\Config.php on line 510
2012-01-05T20:34:08+00:00 ERR (3): Warning: simplexml_load_string() [<a href='function.simplexml-load-string'>function.simplexml-load-string</a>]: Entity: line 4: parser error : error parsing attribute name  in C:\Program Files\Zend\Apache2\htdocs\local.pruebas.com\lib\Varien\Simplexml\Config.php on line 510
2012-01-05T20:34:08+00:00 ERR (3): Warning: simplexml_load_string() [<a href='function.simplexml-load-string'>function.simplexml-load-string</a>]: 		&lt;Elblogdeselo_Ordermodel&gt;  in C:\Program Files\Zend\Apache2\htdocs\local.pruebas.com\lib\Varien\Simplexml\Config.php on line 510
2012-01-05T20:34:08+00:00 ERR (3): Warning: simplexml_load_string() [<a href='function.simplexml-load-string'>function.simplexml-load-string</a>]: 		^  in C:\Program Files\Zend\Apache2\htdocs\local.pruebas.com\lib\Varien\Simplexml\Config.php on line 510
2012-01-05T20:34:08+00:00 ERR (3): Warning: simplexml_load_string() [<a href='function.simplexml-load-string'>function.simplexml-load-string</a>]: Entity: line 4: parser error : attributes construct error  in C:\Program Files\Zend\Apache2\htdocs\local.pruebas.com\lib\Varien\Simplexml\Config.php on line 510
2012-01-05T20:34:08+00:00 ERR (3): Warning: simplexml_load_string() [<a href='function.simplexml-load-string'>function.simplexml-load-string</a>]: 		&lt;Elblogdeselo_Ordermodel&gt;  in C:\Program Files\Zend\Apache2\htdocs\local.pruebas.com\lib\Varien\Simplexml\Config.php on line 510
2012-01-05T20:34:08+00:00 ERR (3): Warning: simplexml_load_string() [<a href='function.simplexml-load-string'>function.simplexml-load-string</a>]: 		^  in C:\Program Files\Zend\Apache2\htdocs\local.pruebas.com\lib\Varien\Simplexml\Config.php on line 510
2012-01-05T20:34:08+00:00 ERR (3): Warning: simplexml_load_string() [<a href='function.simplexml-load-string'>function.simplexml-load-string</a>]: Entity: line 4: parser error : Couldn't find end of Start Tag modules line 3  in C:\Program Files\Zend\Apache2\htdocs\local.pruebas.com\lib\Varien\Simplexml\Config.php on line 510
2012-01-05T20:34:08+00:00 ERR (3): Warning: simplexml_load_string() [<a href='function.simplexml-load-string'>function.simplexml-load-string</a>]: 		&lt;Elblogdeselo_Ordermodel&gt;  in C:\Program Files\Zend\Apache2\htdocs\local.pruebas.com\lib\Varien\Simplexml\Config.php on line 510
2012-01-05T20:34:08+00:00 ERR (3): Warning: simplexml_load_string() [<a href='function.simplexml-load-string'>function.simplexml-load-string</a>]: 		^  in C:\Program Files\Zend\Apache2\htdocs\local.pruebas.com\lib\Varien\Simplexml\Config.php on line 510
2012-01-05T20:34:08+00:00 ERR (3): Warning: simplexml_load_string() [<a href='function.simplexml-load-string'>function.simplexml-load-string</a>]: Entity: line 8: parser error : Opening and ending tag mismatch: config line 2 and modules  in C:\Program Files\Zend\Apache2\htdocs\local.pruebas.com\lib\Varien\Simplexml\Config.php on line 510
2012-01-05T20:34:08+00:00 ERR (3): Warning: simplexml_load_string() [<a href='function.simplexml-load-string'>function.simplexml-load-string</a>]: 	&lt;/modules&gt;  in C:\Program Files\Zend\Apache2\htdocs\local.pruebas.com\lib\Varien\Simplexml\Config.php on line 510
2012-01-05T20:34:08+00:00 ERR (3): Warning: simplexml_load_string() [<a href='function.simplexml-load-string'>function.simplexml-load-string</a>]: 	          ^  in C:\Program Files\Zend\Apache2\htdocs\local.pruebas.com\lib\Varien\Simplexml\Config.php on line 510
2012-01-05T20:34:08+00:00 ERR (3): Warning: simplexml_load_string() [<a href='function.simplexml-load-string'>function.simplexml-load-string</a>]: Entity: line 9: parser error : Extra content at the end of the document  in C:\Program Files\Zend\Apache2\htdocs\local.pruebas.com\lib\Varien\Simplexml\Config.php on line 510
2012-01-05T20:34:08+00:00 ERR (3): Warning: simplexml_load_string() [<a href='function.simplexml-load-string'>function.simplexml-load-string</a>]: &lt;/config&gt;  in C:\Program Files\Zend\Apache2\htdocs\local.pruebas.com\lib\Varien\Simplexml\Config.php on line 510
2012-01-05T20:34:08+00:00 ERR (3): Warning: simplexml_load_string() [<a href='function.simplexml-load-string'>function.simplexml-load-string</a>]: ^  in C:\Program Files\Zend\Apache2\htdocs\local.pruebas.com\lib\Varien\Simplexml\Config.php on line 510
